0 verbose cli C:\Program Files\nodejs\node.exe C:\Users\HP\AppData\Roaming\npm\node_modules\npm\bin\npm-cli.js
1 info using npm@10.4.0
2 info using node@v21.6.2
3 timing npm:load:whichnode Completed in 2ms
4 timing config:load:defaults Completed in 2ms
5 timing config:load:file:C:\Users\HP\AppData\Roaming\npm\node_modules\npm\npmrc Completed in 4ms
6 timing config:load:builtin Completed in 4ms
7 timing config:load:cli Completed in 1ms
8 timing config:load:env Completed in 0ms
9 timing config:load:file:C:\Users\HP\OneDrive\Documents\GitHub\tailwindcss-and-nextjs-portfolio\.npmrc Completed in 0ms
10 timing config:load:project Completed in 3ms
11 timing config:load:file:C:\Users\HP\.npmrc Completed in 0ms
12 timing config:load:user Completed in 0ms
13 timing config:load:file:C:\Users\HP\AppData\Roaming\npm\etc\npmrc Completed in 1ms
14 timing config:load:global Completed in 1ms
15 timing config:load:setEnvs Completed in 1ms
16 timing config:load Completed in 13ms
17 timing npm:load:configload Completed in 13ms
18 timing config:load:flatten Completed in 2ms
19 timing npm:load:mkdirpcache Completed in 1ms
20 timing npm:load:mkdirplogs Completed in 1ms
21 verbose title npm install @fontsource/kanit
22 verbose argv "install" "@fontsource/kanit"
23 timing npm:load:setTitle Completed in 0ms
24 timing npm:load:display Completed in 1ms
25 verbose logfile logs-max:10 dir:C:\Users\HP\OneDrive\Documents\GitHub\tailwindcss-and-nextjs-portfolio\UsersHPAppDataRoamingnpm-cache\_logs\2024-04-06T17_25_20_375Z-
26 verbose logfile C:\Users\HP\OneDrive\Documents\GitHub\tailwindcss-and-nextjs-portfolio\UsersHPAppDataRoamingnpm-cache\_logs\2024-04-06T17_25_20_375Z-debug-0.log
27 timing npm:load:logFile Completed in 8ms
28 timing npm:load:timers Completed in 0ms
29 timing npm:load:configScope Completed in 0ms
30 timing npm:load Completed in 72ms
31 timing arborist:ctor Completed in 1ms
32 silly logfile start cleaning logs, removing 2 files
33 timing idealTree:init Completed in 135ms
34 timing idealTree:userRequests Completed in 1ms
35 silly idealTree buildDeps
36 silly fetch manifest @fontsource/kanit@*
37 silly logfile done cleaning log files
38 timing arborist:ctor Completed in 1ms
39 http fetch GET 200 https://registry.npmjs.org/@fontsource%2fkanit 2706ms (cache miss)
40 silly placeDep ROOT @fontsource/kanit@5.0.19 OK for: temp@0.1.0 want: *
41 timing idealTree:#root Completed in 2717ms
42 timing idealTree:node_modules/@fontsource/kanit Completed in 0ms
43 timing idealTree:buildDeps Completed in 2718ms
44 timing idealTree:fixDepFlags Completed in 6ms
45 timing idealTree Completed in 2865ms
46 timing reify:loadTrees Completed in 2865ms
47 timing reify:diffTrees Completed in 23ms
48 silly reify moves {}
49 timing reify:retireShallow Completed in 0ms
50 timing reify:createSparse Completed in 7ms
51 timing reify:loadBundles Completed in 0ms
52 silly audit bulk request {
52 silly audit   '@aashutoshrathi/word-wrap': [ '1.2.6' ],
52 silly audit   '@alloc/quick-lru': [ '5.2.0' ],
52 silly audit   '@babel/runtime': [ '7.24.4' ],
52 silly audit   '@eslint/eslintrc': [ '1.4.1' ],
52 silly audit   '@humanwhocodes/config-array': [ '0.11.14' ],
52 silly audit   '@humanwhocodes/module-importer': [ '1.0.1' ],
52 silly audit   '@humanwhocodes/object-schema': [ '2.0.3' ],
52 silly audit   '@isaacs/cliui': [ '8.0.2' ],
52 silly audit   'ansi-regex': [ '6.0.1', '5.0.1' ],
52 silly audit   'strip-ansi': [ '7.1.0', '6.0.1' ],
52 silly audit   '@jridgewell/gen-mapping': [ '0.3.5' ],
52 silly audit   '@jridgewell/resolve-uri': [ '3.1.2' ],
52 silly audit   '@jridgewell/set-array': [ '1.2.1' ],
52 silly audit   '@jridgewell/sourcemap-codec': [ '1.4.15' ],
52 silly audit   '@jridgewell/trace-mapping': [ '0.3.25' ],
52 silly audit   '@next/env': [ '13.1.6' ],
52 silly audit   '@next/eslint-plugin-next': [ '13.1.6' ],
52 silly audit   '@next/font': [ '13.1.6' ],
52 silly audit   '@next/swc-android-arm-eabi': [ '13.1.6' ],
52 silly audit   '@next/swc-android-arm64': [ '13.1.6' ],
52 silly audit   '@next/swc-darwin-arm64': [ '13.1.6' ],
52 silly audit   '@next/swc-darwin-x64': [ '13.1.6' ],
52 silly audit   '@next/swc-freebsd-x64': [ '13.1.6' ],
52 silly audit   '@next/swc-linux-arm-gnueabihf': [ '13.1.6' ],
52 silly audit   '@next/swc-linux-arm64-gnu': [ '13.1.6' ],
52 silly audit   '@next/swc-linux-arm64-musl': [ '13.1.6' ],
52 silly audit   '@next/swc-linux-x64-gnu': [ '13.1.6' ],
52 silly audit   '@next/swc-linux-x64-musl': [ '13.1.6' ],
52 silly audit   '@next/swc-win32-arm64-msvc': [ '13.1.6' ],
52 silly audit   '@next/swc-win32-ia32-msvc': [ '13.1.6' ],
52 silly audit   '@next/swc-win32-x64-msvc': [ '13.1.6' ],
52 silly audit   '@nodelib/fs.scandir': [ '2.1.5' ],
52 silly audit   '@nodelib/fs.stat': [ '2.0.5' ],
52 silly audit   '@nodelib/fs.walk': [ '1.2.8' ],
52 silly audit   '@pkgjs/parseargs': [ '0.11.0' ],
52 silly audit   '@rushstack/eslint-patch': [ '1.10.1' ],
52 silly audit   '@swc/helpers': [ '0.4.14' ],
52 silly audit   '@types/json5': [ '0.0.29' ],
52 silly audit   '@types/node': [ '18.11.18' ],
52 silly audit   '@types/prop-types': [ '15.7.12' ],
52 silly audit   '@types/react': [ '18.0.27' ],
52 silly audit   '@types/react-dom': [ '18.0.10' ],
52 silly audit   '@types/react-scroll': [ '1.8.10' ],
52 silly audit   '@types/scheduler': [ '0.23.0' ],
52 silly audit   '@typescript-eslint/parser': [ '5.62.0' ],
52 silly audit   '@typescript-eslint/scope-manager': [ '5.62.0' ],
52 silly audit   '@typescript-eslint/types': [ '5.62.0' ],
52 silly audit   '@typescript-eslint/typescript-estree': [ '5.62.0' ],
52 silly audit   '@typescript-eslint/visitor-keys': [ '5.62.0' ],
52 silly audit   acorn: [ '8.11.3' ],
52 silly audit   'acorn-jsx': [ '5.3.2' ],
52 silly audit   ajv: [ '6.12.6' ],
52 silly audit   'ansi-styles': [ '4.3.0', '6.2.1' ],
52 silly audit   'any-promise': [ '1.3.0' ],
52 silly audit   anymatch: [ '3.1.3' ],
52 silly audit   arg: [ '5.0.2' ],
52 silly audit   argparse: [ '2.0.1' ],
52 silly audit   'aria-query': [ '5.3.0' ],
52 silly audit   'array-buffer-byte-length': [ '1.0.1' ],
52 silly audit   'array-includes': [ '3.1.8' ],
52 silly audit   'array-union': [ '2.1.0' ],
52 silly audit   'array.prototype.findlast': [ '1.2.5' ],
52 silly audit   'array.prototype.findlastindex': [ '1.2.5' ],
52 silly audit   'array.prototype.flat': [ '1.3.2' ],
52 silly audit   'array.prototype.flatmap': [ '1.3.2' ],
52 silly audit   'array.prototype.toreversed': [ '1.1.2' ],
52 silly audit   'array.prototype.tosorted': [ '1.1.3' ],
52 silly audit   'arraybuffer.prototype.slice': [ '1.0.3' ],
52 silly audit   'ast-types-flow': [ '0.0.8' ],
52 silly audit   autoprefixer: [ '10.4.19' ],
52 silly audit   'available-typed-arrays': [ '1.0.7' ],
52 silly audit   'axe-core': [ '4.7.0' ],
52 silly audit   'axobject-query': [ '3.2.1' ],
52 silly audit   'balanced-match': [ '1.0.2' ],
52 silly audit   'binary-extensions': [ '2.3.0' ],
52 silly audit   'brace-expansion': [ '1.1.11', '2.0.1' ],
52 silly audit   braces: [ '3.0.2' ],
52 silly audit   browserslist: [ '4.23.0' ],
52 silly audit   'call-bind': [ '1.0.7' ],
52 silly audit   callsites: [ '3.1.0' ],
52 silly audit   'camelcase-css': [ '2.0.1' ],
52 silly audit   'caniuse-lite': [ '1.0.30001605' ],
52 silly audit   chalk: [ '4.1.2' ],
52 silly audit   chokidar: [ '3.6.0' ],
52 silly audit   'glob-parent': [ '5.1.2', '6.0.2' ],
52 silly audit   'client-only': [ '0.0.1' ],
52 silly audit   'color-convert': [ '2.0.1' ],
52 silly audit   'color-name': [ '1.1.4' ],
52 silly audit   commander: [ '4.1.1' ],
52 silly audit   'concat-map': [ '0.0.1' ],
52 silly audit   'cross-spawn': [ '7.0.3' ],
52 silly audit   cssesc: [ '3.0.0' ],
52 silly audit   csstype: [ '3.1.3' ],
52 silly audit   'damerau-levenshtein': [ '1.0.8' ],
52 silly audit   'data-view-buffer': [ '1.0.1' ],
52 silly audit   'data-view-byte-length': [ '1.0.1' ],
52 silly audit   'data-view-byte-offset': [ '1.0.0' ],
52 silly audit   debug: [ '4.3.4', '3.2.7' ],
52 silly audit   'deep-is': [ '0.1.4' ],
52 silly audit   'define-data-property': [ '1.1.4' ],
52 silly audit   'define-properties': [ '1.2.1' ],
52 silly audit   dequal: [ '2.0.3' ],
52 silly audit   didyoumean: [ '1.2.2' ],
52 silly audit   'dir-glob': [ '3.0.1' ],
52 silly audit   dlv: [ '1.1.3' ],
52 silly audit   doctrine: [ '3.0.0', '2.1.0' ],
52 silly audit   eastasianwidth: [ '0.2.0' ],
52 silly audit   'electron-to-chromium': [ '1.4.724' ],
52 silly audit   'emoji-regex': [ '9.2.2', '8.0.0' ],
52 silly audit   'enhanced-resolve': [ '5.16.0' ],
52 silly audit   'es-abstract': [ '1.23.3' ],
52 silly audit   'es-define-property': [ '1.0.0' ],
52 silly audit   'es-errors': [ '1.3.0' ],
52 silly audit   'es-iterator-helpers': [ '1.0.18' ],
52 silly audit   'es-object-atoms': [ '1.0.0' ],
52 silly audit   'es-set-tostringtag': [ '2.0.3' ],
52 silly audit   'es-shim-unscopables': [ '1.0.2' ],
52 silly audit   'es-to-primitive': [ '1.2.1' ],
52 silly audit   escalade: [ '3.1.2' ],
52 silly audit   'escape-string-regexp': [ '4.0.0' ],
52 silly audit   eslint: [ '8.32.0' ],
52 silly audit   'eslint-config-next': [ '13.1.6' ],
52 silly audit   'eslint-import-resolver-node': [ '0.3.9' ],
52 silly audit   'eslint-import-resolver-typescript': [ '3.6.1' ],
52 silly audit   'eslint-module-utils': [ '2.8.1' ],
52 silly audit   'eslint-plugin-import': [ '2.29.1' ],
52 silly audit   semver: [ '6.3.1', '7.6.0' ],
52 silly audit   'eslint-plugin-jsx-a11y': [ '6.8.0' ],
52 silly audit   'eslint-plugin-react': [ '7.34.1' ],
52 silly audit   'eslint-plugin-react-hooks': [ '4.6.0' ],
52 silly audit   resolve: [ '2.0.0-next.5', '1.22.8' ],
52 silly audit   'eslint-scope': [ '7.2.2' ],
52 silly audit   'eslint-utils': [ '3.0.0' ],
52 silly audit   'eslint-visitor-keys': [ '2.1.0', '3.4.3' ],
52 silly audit   espree: [ '9.6.1' ],
52 silly audit   esquery: [ '1.5.0' ],
52 silly audit   esrecurse: [ '4.3.0' ],
52 silly audit   estraverse: [ '5.3.0' ],
52 silly audit   esutils: [ '2.0.3' ],
52 silly audit   'fast-deep-equal': [ '3.1.3' ],
52 silly audit   'fast-glob': [ '3.3.2' ],
52 silly audit   'fast-json-stable-stringify': [ '2.1.0' ],
52 silly audit   'fast-levenshtein': [ '2.0.6' ],
52 silly audit   fastq: [ '1.17.1' ],
52 silly audit   'file-entry-cache': [ '6.0.1' ],
52 silly audit   'fill-range': [ '7.0.1' ],
52 silly audit   'find-up': [ '5.0.0' ],
52 silly audit   'flat-cache': [ '3.2.0' ],
52 silly audit   flatted: [ '3.3.1' ],
52 silly audit   'for-each': [ '0.3.3' ],
52 silly audit   'foreground-child': [ '3.1.1' ],
52 silly audit   'fraction.js': [ '4.3.7' ],
52 silly audit   'fs.realpath': [ '1.0.0' ],
52 silly audit   fsevents: [ '2.3.3' ],
52 silly audit   'function-bind': [ '1.1.2' ],
52 silly audit   'function.prototype.name': [ '1.1.6' ],
52 silly audit   'functions-have-names': [ '1.2.3' ],
52 silly audit   'get-intrinsic': [ '1.2.4' ],
52 silly audit   'get-symbol-description': [ '1.0.2' ],
52 silly audit   'get-tsconfig': [ '4.7.3' ],
52 silly audit   glob: [ '7.1.7', '10.3.12' ],
52 silly audit   globals: [ '13.24.0' ],
52 silly audit   globalthis: [ '1.0.3' ],
52 silly audit   globby: [ '11.1.0' ],
52 silly audit   gopd: [ '1.0.1' ],
52 silly audit   'graceful-fs': [ '4.2.11' ],
52 silly audit   'grapheme-splitter': [ '1.0.4' ],
52 silly audit   'has-bigints': [ '1.0.2' ],
52 silly audit   'has-flag': [ '4.0.0' ],
52 silly audit   'has-property-descriptors': [ '1.0.2' ],
52 silly audit   'has-proto': [ '1.0.3' ],
52 silly audit   'has-symbols': [ '1.0.3' ],
52 silly audit   'has-tostringtag': [ '1.0.2' ],
52 silly audit   hasown: [ '2.0.2' ],
52 silly audit   ignore: [ '5.3.1' ],
52 silly audit   'import-fresh': [ '3.3.0' ],
52 silly audit   imurmurhash: [ '0.1.4' ],
52 silly audit   inflight: [ '1.0.6' ],
52 silly audit   inherits: [ '2.0.4' ],
52 silly audit   'internal-slot': [ '1.0.7' ],
52 silly audit   'is-array-buffer': [ '3.0.4' ],
52 silly audit   'is-async-function': [ '2.0.0' ],
52 silly audit   'is-bigint': [ '1.0.4' ],
52 silly audit   'is-binary-path': [ '2.1.0' ],
52 silly audit   'is-boolean-object': [ '1.1.2' ],
52 silly audit   'is-callable': [ '1.2.7' ],
52 silly audit   'is-core-module': [ '2.13.1' ],
52 silly audit   'is-data-view': [ '1.0.1' ],
52 silly audit   'is-date-object': [ '1.0.5' ],
52 silly audit   'is-extglob': [ '2.1.1' ],
52 silly audit   'is-finalizationregistry': [ '1.0.2' ],
52 silly audit   'is-fullwidth-code-point': [ '3.0.0' ],
52 silly audit   'is-generator-function': [ '1.0.10' ],
52 silly audit   'is-glob': [ '4.0.3' ],
52 silly audit   'is-map': [ '2.0.3' ],
52 silly audit   'is-negative-zero': [ '2.0.3' ],
52 silly audit   'is-number': [ '7.0.0' ],
52 silly audit   'is-number-object': [ '1.0.7' ],
52 silly audit   'is-path-inside': [ '3.0.3' ],
52 silly audit   'is-regex': [ '1.1.4' ],
52 silly audit   'is-set': [ '2.0.3' ],
52 silly audit   'is-shared-array-buffer': [ '1.0.3' ],
52 silly audit   'is-string': [ '1.0.7' ],
52 silly audit   'is-symbol': [ '1.0.4' ],
52 silly audit   'is-typed-array': [ '1.1.13' ],
52 silly audit   'is-weakmap': [ '2.0.2' ],
52 silly audit   'is-weakref': [ '1.0.2' ],
52 silly audit   'is-weakset': [ '2.0.3' ],
52 silly audit   isarray: [ '2.0.5' ],
52 silly audit   isexe: [ '2.0.0' ],
52 silly audit   'iterator.prototype': [ '1.1.2' ],
52 silly audit   jackspeak: [ '2.3.6' ],
52 silly audit   jiti: [ '1.21.0' ],
52 silly audit   'js-sdsl': [ '4.4.2' ],
52 silly audit   'js-tokens': [ '4.0.0' ],
52 silly audit   'js-yaml': [ '4.1.0' ],
52 silly audit   'json-buffer': [ '3.0.1' ],
52 silly audit   'json-schema-traverse': [ '0.4.1' ],
52 silly audit   'json-stable-stringify-without-jsonify': [ '1.0.1' ],
52 silly audit   json5: [ '1.0.2' ],
52 silly audit   'jsx-ast-utils': [ '3.3.5' ],
52 silly audit   keyv: [ '4.5.4' ],
52 silly audit   'language-subtag-registry': [ '0.3.22' ],
52 silly audit   'language-tags': [ '1.0.9' ],
52 silly audit   levn: [ '0.4.1' ],
52 silly audit   lilconfig: [ '2.1.0', '3.1.1' ],
52 silly audit   'lines-and-columns': [ '1.2.4' ],
52 silly audit   'locate-path': [ '6.0.0' ],
52 silly audit   'lodash.merge': [ '4.6.2' ],
52 silly audit   'lodash.throttle': [ '4.1.1' ],
52 silly audit   'loose-envify': [ '1.4.0' ],
52 silly audit   'lru-cache': [ '6.0.0', '10.2.0' ],
52 silly audit   merge2: [ '1.4.1' ],
52 silly audit   micromatch: [ '4.0.5' ],
52 silly audit   minimatch: [ '3.1.2', '9.0.4' ],
52 silly audit   minimist: [ '1.2.8' ],
52 silly audit   minipass: [ '7.0.4' ],
52 silly audit   ms: [ '2.1.2' ],
52 silly audit   mz: [ '2.7.0' ],
52 silly audit   nanoid: [ '3.3.7' ],
52 silly audit   'natural-compare': [ '1.4.0' ],
52 silly audit   next: [ '13.1.6' ],
52 silly audit   'next-themes': [ '0.2.1' ],
52 silly audit   postcss: [ '8.4.14', '8.4.38' ],
52 silly audit   'node-releases': [ '2.0.14' ],
52 silly audit   'normalize-path': [ '3.0.0' ],
52 silly audit   'normalize-range': [ '0.1.2' ],
52 silly audit   'object-assign': [ '4.1.1' ],
52 silly audit   'object-hash': [ '3.0.0' ],
52 silly audit   'object-inspect': [ '1.13.1' ],
52 silly audit   'object-keys': [ '1.1.1' ],
52 silly audit   'object.assign': [ '4.1.5' ],
52 silly audit   'object.entries': [ '1.1.8' ],
52 silly audit   'object.fromentries': [ '2.0.8' ],
52 silly audit   'object.groupby': [ '1.0.3' ],
52 silly audit   'object.hasown': [ '1.1.4' ],
52 silly audit   'object.values': [ '1.2.0' ],
52 silly audit   once: [ '1.4.0' ],
52 silly audit   optionator: [ '0.9.3' ],
52 silly audit   'p-limit': [ '3.1.0' ],
52 silly audit   'p-locate': [ '5.0.0' ],
52 silly audit   'parent-module': [ '1.0.1' ],
52 silly audit   'path-exists': [ '4.0.0' ],
52 silly audit   'path-is-absolute': [ '1.0.1' ],
52 silly audit   'path-key': [ '3.1.1' ],
52 silly audit   'path-parse': [ '1.0.7' ],
52 silly audit   'path-scurry': [ '1.10.2' ],
52 silly audit   'path-type': [ '4.0.0' ],
52 silly audit   picocolors: [ '1.0.0' ],
52 silly audit   picomatch: [ '2.3.1' ],
52 silly audit   pify: [ '2.3.0' ],
52 silly audit   pirates: [ '4.0.6' ],
52 silly audit   'possible-typed-array-names': [ '1.0.0' ],
52 silly audit   'postcss-import': [ '15.1.0' ],
52 silly audit   'postcss-js': [ '4.0.1' ],
52 silly audit   'postcss-nested': [ '6.0.1' ],
52 silly audit   'postcss-selector-parser': [ '6.0.16' ],
52 silly audit   'postcss-value-parser': [ '4.2.0' ],
52 silly audit   'prelude-ls': [ '1.2.1' ],
52 silly audit   'prop-types': [ '15.8.1' ],
52 silly audit   punycode: [ '2.3.1' ],
52 silly audit   'queue-microtask': [ '1.2.3' ],
52 silly audit   react: [ '18.2.0' ],
52 silly audit   'react-dom': [ '18.2.0' ],
52 silly audit   'react-icons': [ '4.12.0' ],
52 silly audit   'react-is': [ '16.13.1' ],
52 silly audit   'react-scroll': [ '1.9.0' ],
52 silly audit   'read-cache': [ '1.0.0' ],
52 silly audit   readdirp: [ '3.6.0' ],
52 silly audit   'reflect.getprototypeof': [ '1.0.6' ],
52 silly audit   'regenerator-runtime': [ '0.14.1' ],
52 silly audit   'regexp.prototype.flags': [ '1.5.2' ],
52 silly audit   regexpp: [ '3.2.0' ],
52 silly audit   'resolve-from': [ '4.0.0' ],
52 silly audit   'resolve-pkg-maps': [ '1.0.0' ],
52 silly audit   reusify: [ '1.0.4' ],
52 silly audit   rimraf: [ '3.0.2' ],
52 silly audit   'run-parallel': [ '1.2.0' ],
52 silly audit   'safe-array-concat': [ '1.1.2' ],
52 silly audit   'safe-regex-test': [ '1.0.3' ],
52 silly audit   scheduler: [ '0.23.0' ],
52 silly audit   'set-function-length': [ '1.2.2' ],
52 silly audit   'set-function-name': [ '2.0.2' ],
52 silly audit   'shebang-command': [ '2.0.0' ],
52 silly audit   'shebang-regex': [ '3.0.0' ],
52 silly audit   'side-channel': [ '1.0.6' ],
52 silly audit   'signal-exit': [ '4.1.0' ],
52 silly audit   slash: [ '3.0.0' ],
52 silly audit   'source-map-js': [ '1.2.0' ],
52 silly audit   'string-width': [ '5.1.2', '4.2.3' ],
52 silly audit   'string.prototype.matchall': [ '4.0.11' ],
52 silly audit   'string.prototype.trim': [ '1.2.9' ],
52 silly audit   'string.prototype.trimend': [ '1.0.8' ],
52 silly audit   'string.prototype.trimstart': [ '1.0.8' ],
52 silly audit   'strip-bom': [ '3.0.0' ],
52 silly audit   'strip-json-comments': [ '3.1.1' ],
52 silly audit   'styled-jsx': [ '5.1.1' ],
52 silly audit   sucrase: [ '3.35.0' ],
52 silly audit   'supports-color': [ '7.2.0' ],
52 silly audit   'supports-preserve-symlinks-flag': [ '1.0.0' ],
52 silly audit   tailwindcss: [ '3.4.3' ],
52 silly audit   'postcss-load-config': [ '4.0.2' ],
52 silly audit   tapable: [ '2.2.1' ],
52 silly audit   'text-table': [ '0.2.0' ],
52 silly audit   thenify: [ '3.3.1' ],
52 silly audit   'thenify-all': [ '1.6.0' ],
52 silly audit   'to-regex-range': [ '5.0.1' ],
52 silly audit   'ts-interface-checker': [ '0.1.13' ],
52 silly audit   'tsconfig-paths': [ '3.15.0' ],
52 silly audit   tslib: [ '2.6.2', '1.14.1' ],
52 silly audit   tsutils: [ '3.21.0' ],
52 silly audit   'type-check': [ '0.4.0' ],
52 silly audit   'type-fest': [ '0.20.2' ],
52 silly audit   'typed-array-buffer': [ '1.0.2' ],
52 silly audit   'typed-array-byte-length': [ '1.0.1' ],
52 silly audit   'typed-array-byte-offset': [ '1.0.2' ],
52 silly audit   'typed-array-length': [ '1.0.6' ],
52 silly audit   typescript: [ '4.9.4' ],
52 silly audit   'unbox-primitive': [ '1.0.2' ],
52 silly audit   'update-browserslist-db': [ '1.0.13' ],
52 silly audit   'uri-js': [ '4.4.1' ],
52 silly audit   'util-deprecate': [ '1.0.2' ],
52 silly audit   which: [ '2.0.2' ],
52 silly audit   'which-boxed-primitive': [ '1.0.2' ],
52 silly audit   'which-builtin-type': [ '1.1.3' ],
52 silly audit   'which-collection': [ '1.0.2' ],
52 silly audit   'which-typed-array': [ '1.1.15' ],
52 silly audit   'wrap-ansi': [ '8.1.0', '7.0.0' ],
52 silly audit   wrappy: [ '1.0.2' ],
52 silly audit   yallist: [ '4.0.0' ],
52 silly audit   yaml: [ '2.4.1' ],
52 silly audit   'yocto-queue': [ '0.1.0' ],
52 silly audit   '@fontsource/kanit': [ '5.0.19' ]
52 silly audit }
53 verbose reify failed optional dependency C:\Users\HP\OneDrive\Documents\GitHub\tailwindcss-and-nextjs-portfolio\node_modules\fsevents
54 silly reify mark deleted [
54 silly reify   'C:\\Users\\HP\\OneDrive\\Documents\\GitHub\\tailwindcss-and-nextjs-portfolio\\node_modules\\fsevents'
54 silly reify ]
55 verbose reify failed optional dependency C:\Users\HP\OneDrive\Documents\GitHub\tailwindcss-and-nextjs-portfolio\node_modules\@next\swc-win32-ia32-msvc
56 silly reify mark deleted [
56 silly reify   'C:\\Users\\HP\\OneDrive\\Documents\\GitHub\\tailwindcss-and-nextjs-portfolio\\node_modules\\@next\\swc-win32-ia32-msvc'
56 silly reify ]
57 verbose reify failed optional dependency C:\Users\HP\OneDrive\Documents\GitHub\tailwindcss-and-nextjs-portfolio\node_modules\@next\swc-win32-arm64-msvc
58 silly reify mark deleted [
58 silly reify   'C:\\Users\\HP\\OneDrive\\Documents\\GitHub\\tailwindcss-and-nextjs-portfolio\\node_modules\\@next\\swc-win32-arm64-msvc'
58 silly reify ]
59 verbose reify failed optional dependency C:\Users\HP\OneDrive\Documents\GitHub\tailwindcss-and-nextjs-portfolio\node_modules\@next\swc-linux-x64-musl
60 silly reify mark deleted [
60 silly reify   'C:\\Users\\HP\\OneDrive\\Documents\\GitHub\\tailwindcss-and-nextjs-portfolio\\node_modules\\@next\\swc-linux-x64-musl'
60 silly reify ]
61 verbose reify failed optional dependency C:\Users\HP\OneDrive\Documents\GitHub\tailwindcss-and-nextjs-portfolio\node_modules\@next\swc-linux-x64-gnu
62 silly reify mark deleted [
62 silly reify   'C:\\Users\\HP\\OneDrive\\Documents\\GitHub\\tailwindcss-and-nextjs-portfolio\\node_modules\\@next\\swc-linux-x64-gnu'
62 silly reify ]
63 verbose reify failed optional dependency C:\Users\HP\OneDrive\Documents\GitHub\tailwindcss-and-nextjs-portfolio\node_modules\@next\swc-linux-arm64-musl
64 silly reify mark deleted [
64 silly reify   'C:\\Users\\HP\\OneDrive\\Documents\\GitHub\\tailwindcss-and-nextjs-portfolio\\node_modules\\@next\\swc-linux-arm64-musl'
64 silly reify ]
65 verbose reify failed optional dependency C:\Users\HP\OneDrive\Documents\GitHub\tailwindcss-and-nextjs-portfolio\node_modules\@next\swc-linux-arm64-gnu
66 silly reify mark deleted [
66 silly reify   'C:\\Users\\HP\\OneDrive\\Documents\\GitHub\\tailwindcss-and-nextjs-portfolio\\node_modules\\@next\\swc-linux-arm64-gnu'
66 silly reify ]
67 verbose reify failed optional dependency C:\Users\HP\OneDrive\Documents\GitHub\tailwindcss-and-nextjs-portfolio\node_modules\@next\swc-linux-arm-gnueabihf
68 silly reify mark deleted [
68 silly reify   'C:\\Users\\HP\\OneDrive\\Documents\\GitHub\\tailwindcss-and-nextjs-portfolio\\node_modules\\@next\\swc-linux-arm-gnueabihf'
68 silly reify ]
69 verbose reify failed optional dependency C:\Users\HP\OneDrive\Documents\GitHub\tailwindcss-and-nextjs-portfolio\node_modules\@next\swc-freebsd-x64
70 silly reify mark deleted [
70 silly reify   'C:\\Users\\HP\\OneDrive\\Documents\\GitHub\\tailwindcss-and-nextjs-portfolio\\node_modules\\@next\\swc-freebsd-x64'
70 silly reify ]
71 verbose reify failed optional dependency C:\Users\HP\OneDrive\Documents\GitHub\tailwindcss-and-nextjs-portfolio\node_modules\@next\swc-darwin-x64
72 silly reify mark deleted [
72 silly reify   'C:\\Users\\HP\\OneDrive\\Documents\\GitHub\\tailwindcss-and-nextjs-portfolio\\node_modules\\@next\\swc-darwin-x64'
72 silly reify ]
73 verbose reify failed optional dependency C:\Users\HP\OneDrive\Documents\GitHub\tailwindcss-and-nextjs-portfolio\node_modules\@next\swc-darwin-arm64
74 silly reify mark deleted [
74 silly reify   'C:\\Users\\HP\\OneDrive\\Documents\\GitHub\\tailwindcss-and-nextjs-portfolio\\node_modules\\@next\\swc-darwin-arm64'
74 silly reify ]
75 verbose reify failed optional dependency C:\Users\HP\OneDrive\Documents\GitHub\tailwindcss-and-nextjs-portfolio\node_modules\@next\swc-android-arm64
76 silly reify mark deleted [
76 silly reify   'C:\\Users\\HP\\OneDrive\\Documents\\GitHub\\tailwindcss-and-nextjs-portfolio\\node_modules\\@next\\swc-android-arm64'
76 silly reify ]
77 verbose reify failed optional dependency C:\Users\HP\OneDrive\Documents\GitHub\tailwindcss-and-nextjs-portfolio\node_modules\@next\swc-android-arm-eabi
78 silly reify mark deleted [
78 silly reify   'C:\\Users\\HP\\OneDrive\\Documents\\GitHub\\tailwindcss-and-nextjs-portfolio\\node_modules\\@next\\swc-android-arm-eabi'
78 silly reify ]
79 timing reifyNode:node_modules/fsevents Completed in 7ms
80 timing reifyNode:node_modules/@next/swc-win32-ia32-msvc Completed in 7ms
81 timing reifyNode:node_modules/@next/swc-win32-arm64-msvc Completed in 7ms
82 timing reifyNode:node_modules/@next/swc-linux-x64-musl Completed in 7ms
83 timing reifyNode:node_modules/@next/swc-linux-x64-gnu Completed in 7ms
84 timing reifyNode:node_modules/@next/swc-linux-arm64-musl Completed in 8ms
85 timing reifyNode:node_modules/@next/swc-linux-arm64-gnu Completed in 8ms
86 timing reifyNode:node_modules/@next/swc-linux-arm-gnueabihf Completed in 7ms
87 timing reifyNode:node_modules/@next/swc-freebsd-x64 Completed in 7ms
88 timing reifyNode:node_modules/@next/swc-darwin-x64 Completed in 7ms
89 timing reifyNode:node_modules/@next/swc-darwin-arm64 Completed in 7ms
90 timing reifyNode:node_modules/@next/swc-android-arm64 Completed in 7ms
91 timing reifyNode:node_modules/@next/swc-android-arm-eabi Completed in 7ms
92 silly tarball no local data for @fontsource/kanit@https://registry.npmjs.org/@fontsource/kanit/-/kanit-5.0.19.tgz. Extracting by manifest.
93 http fetch POST 200 https://registry.npmjs.org/-/npm/v1/security/advisories/bulk 277ms
94 timing auditReport:getReport Completed in 286ms
95 silly audit report {
95 silly audit report   next: [
95 silly audit report     {
95 silly audit report       id: 1094729,
95 silly audit report       url: 'https://github.com/advisories/GHSA-c59h-r6p8-q9wc',
95 silly audit report       title: 'Next.js missing cache-control header may lead to CDN caching empty reply',
95 silly audit report       severity: 'low',
95 silly audit report       vulnerable_versions: '>=0.9.9 <13.4.20-canary.13',
95 silly audit report       cwe: [],
95 silly audit report       cvss: [Object]
95 silly audit report     }
95 silly audit report   ],
95 silly audit report   postcss: [
95 silly audit report     {
95 silly audit report       id: 1094544,
95 silly audit report       url: 'https://github.com/advisories/GHSA-7fh5-64p2-3v2j',
95 silly audit report       title: 'PostCSS line return parsing error',
95 silly audit report       severity: 'moderate',
95 silly audit report       vulnerable_versions: '<8.4.31',
95 silly audit report       cwe: [Array],
95 silly audit report       cvss: [Object]
95 silly audit report     }
95 silly audit report   ]
95 silly audit report }
96 timing metavuln:cache:get:security-advisory:postcss:ylHlqxOD5gx7vcQurwTZyQHJsodRCM2yV95izcDPSahj+DDa6IEdlDh7BWAlf7fDDEd+NyVQHm50pHmcApHI4w== Completed in 24ms
97 timing metavuln:cache:get:security-advisory:next:hHUNKsBDHdwMF4guk5ijJoAaW4Fpbnrfv9ZU05z+PBVTMml8mjAOo15QO34ICGPxmgO6LqvzyKZMmLr2cfZxQg== Completed in 27ms
98 http fetch GET 200 https://registry.npmjs.org/postcss 345ms (cache miss)
99 timing metavuln:packument:postcss Completed in 351ms
100 timing metavuln:load:security-advisory:postcss:1094544 Completed in 3ms
101 timing metavuln:calculate:security-advisory:postcss:1094544 Completed in 354ms
102 http fetch GET 200 https://registry.npmjs.org/next 616ms (cache miss)
103 timing metavuln:packument:next Completed in 832ms
104 timing metavuln:load:security-advisory:next:1094729 Completed in 38ms
105 timing metavuln:cache:put:security-advisory:next:hHUNKsBDHdwMF4guk5ijJoAaW4Fpbnrfv9ZU05z+PBVTMml8mjAOo15QO34ICGPxmgO6LqvzyKZMmLr2cfZxQg== Completed in 30ms
106 timing metavuln:calculate:security-advisory:next:1094729 Completed in 902ms
107 timing metavuln:cache:get:security-advisory:next-themes:s4cgy74XsCcs/6vvUWVzjk1RQLy5eLXsq6I2Y8I1LaxfvNigEK8/nfbRaaDEvSPMqRu63XIztCAd0knkWXLbxQ== Completed in 37ms
108 http fetch GET 200 https://registry.npmjs.org/@fontsource/kanit/-/kanit-5.0.19.tgz 2170ms (cache miss)
109 timing reifyNode:node_modules/@fontsource/kanit Completed in 2194ms
110 timing reify:unpack Completed in 2195ms
111 timing reify:unretire Completed in 1ms
112 timing build:queue Completed in 2ms
113 timing build:deps Completed in 3ms
114 timing build Completed in 4ms
115 timing reify:build Completed in 4ms
116 timing reify:trash Completed in 5ms
117 timing reify:save Completed in 306ms
118 http fetch GET 200 https://registry.npmjs.org/next-themes 1472ms (cache miss)
119 timing metavuln:packument:next-themes Completed in 1473ms
120 timing metavuln:load:security-advisory:next-themes:hHUNKsBDHdwMF4guk5ijJoAaW4Fpbnrfv9ZU05z+PBVTMml8mjAOo15QO34ICGPxmgO6LqvzyKZMmLr2cfZxQg== Completed in 74ms
121 timing metavuln:cache:put:security-advisory:next-themes:s4cgy74XsCcs/6vvUWVzjk1RQLy5eLXsq6I2Y8I1LaxfvNigEK8/nfbRaaDEvSPMqRu63XIztCAd0knkWXLbxQ== Completed in 151ms
122 timing metavuln:calculate:security-advisory:next-themes:hHUNKsBDHdwMF4guk5ijJoAaW4Fpbnrfv9ZU05z+PBVTMml8mjAOo15QO34ICGPxmgO6LqvzyKZMmLr2cfZxQg== Completed in 1699ms
123 timing metavuln:cache:get:security-advisory:next:j8v0pK9EwF4jGeMRcyKmuQ3zUQGkCnf+CH7m9MSNFUs+9Yyts7qo44ClIw8Kw7kPdn8O1hg84+bpy/tGGsJtzw== Completed in 43ms
124 timing metavuln:load:security-advisory:next:ylHlqxOD5gx7vcQurwTZyQHJsodRCM2yV95izcDPSahj+DDa6IEdlDh7BWAlf7fDDEd+NyVQHm50pHmcApHI4w== Completed in 103ms
125 timing metavuln:cache:put:security-advisory:next:j8v0pK9EwF4jGeMRcyKmuQ3zUQGkCnf+CH7m9MSNFUs+9Yyts7qo44ClIw8Kw7kPdn8O1hg84+bpy/tGGsJtzw== Completed in 84ms
126 timing metavuln:calculate:security-advisory:next:ylHlqxOD5gx7vcQurwTZyQHJsodRCM2yV95izcDPSahj+DDa6IEdlDh7BWAlf7fDDEd+NyVQHm50pHmcApHI4w== Completed in 231ms
127 timing auditReport:init Completed in 2834ms
128 timing reify:audit Completed in 3122ms
129 timing reify Completed in 6056ms
130 silly ADD node_modules/@fontsource/kanit
131 silly ADD
132 silly ADD
133 silly ADD
134 silly ADD
135 silly ADD
136 silly ADD
137 silly ADD
138 silly ADD
139 silly ADD
140 silly ADD
141 silly ADD
142 silly ADD
143 silly ADD
144 timing command:install Completed in 6151ms
145 verbose exit 0
146 timing npm Completed in 6780ms
147 info ok
